proguard_logs/mapping.txt
be.baes.hanselMinutesPlayer.Constants -> be.baes.hanselMinutesPlayer.a:
    java.lang.String DATABASE_CREATE -> a
    java.lang.String DROP_TABLE -> b
be.baes.hanselMinutesPlayer.controllers.OnDeleteAllClickListener -> be.baes.hanselMinutesPlayer.c.g:
    be.baes.hanselMinutesPlayer.dal.PodCastAdapter podCastAdapter -> a
    be.baes.hanselMinutesPlayer.facade.PodCastList podCastList -> b
    be.baes.hanselMinutesPlayer.facade.Player player -> c
    void onClick(android.content.DialogInterface,int) -> onClick
be.baes.hanselMinutesPlayer.controllers.OnDeleteAllWithAlertDialogClickListener -> be.baes.hanselMinutesPlayer.c.c:
    be.baes.hanselminutesplayer.YesNoAlertDialog yesNoAlertDialog -> a
    be.baes.hanselMinutesPlayer.resources.StringResources stringResources -> b
    be.baes.hanselMinutesPlayer.controllers.OnDeleteAllClickListener onDeleteAllClickListener -> c
    void onClick(android.view.View) -> onClick
be.baes.hanselMinutesPlayer.controllers.OnDetailsClickListener -> be.baes.hanselMinutesPlayer.c.m:
    android.app.Activity activity -> a
    void onClick(android.view.View) -> onClick
be.baes.hanselMinutesPlayer.controllers.OnPauseClickListener -> be.baes.hanselMinutesPlayer.c.e:
    be.baes.hanselMinutesPlayer.facade.Player player -> a
    void onClick(android.view.View) -> onClick
be.baes.hanselMinutesPlayer.controllers.OnPlayClickListener -> be.baes.hanselMinutesPlayer.c.b:
    be.baes.hanselMinutesPlayer.facade.Player player -> a
    void onClick(android.view.View) -> onClick
be.baes.hanselMinutesPlayer.controllers.OnPlayerClickListener -> be.baes.hanselMinutesPlayer.c.k:
    android.app.Activity activity -> a
    void onClick(android.view.View) -> onClick
be.baes.hanselMinutesPlayer.controllers.OnPodCastItemListClickListener -> be.baes.hanselMinutesPlayer.c.f:
    be.baes.hanselMinutesPlayer.facade.Player player -> a
    be.baes.hanselMinutesPlayer.resources.StringResources stringResources -> b
    be.baes.hanselMinutesPlayer.helpers.Network network -> c
    void onItemClick(android.widget.AdapterView,android.view.View,int,long) -> onItemClick
be.baes.hanselMinutesPlayer.controllers.OnRefreshListClickListener -> be.baes.hanselMinutesPlayer.c.d:
    android.content.Context context -> a
    be.baes.hanselMinutesPlayer.facade.PodCastList podCastList -> b
    be.baes.hanselMinutesPlayer.resources.StringResources stringResources -> c
    be.baes.hanselMinutesPlayer.helpers.Network network -> d
    void onClick(android.content.DialogInterface,int) -> onClick
be.baes.hanselMinutesPlayer.controllers.OnRefreshListLatestClickListener -> be.baes.hanselMinutesPlayer.c.n:
    android.content.Context context -> a
    be.baes.hanselMinutesPlayer.helpers.Network network -> b
    be.baes.hanselMinutesPlayer.facade.PodCastList podCastList -> c
    be.baes.hanselMinutesPlayer.resources.StringResources stringResources -> d
    void onClick(android.content.DialogInterface,int) -> onClick
be.baes.hanselMinutesPlayer.controllers.OnRefreshListLatestWithAlertDialogClickListener -> be.baes.hanselMinutesPlayer.c.j:
    be.baes.hanselMinutesPlayer.resources.StringResources stringResources -> a
    be.baes.hanselminutesplayer.YesNoAlertDialog yesNoAlertDialog -> b
    be.baes.hanselMinutesPlayer.controllers.OnRefreshListLatestClickListener onRefreshListLatestClickListener -> c
    void onClick(android.view.View) -> onClick
be.baes.hanselMinutesPlayer.controllers.OnRefreshListWithAlertDialogClickListener -> be.baes.hanselMinutesPlayer.c.h:
    be.baes.hanselMinutesPlayer.resources.StringResources stringResources -> a
    be.baes.hanselminutesplayer.YesNoAlertDialog yesNoAlertDialog -> b
    be.baes.hanselMinutesPlayer.controllers.OnRefreshListClickListener onRefreshListClickListener -> c
    void onClick(android.view.View) -> onClick
...
com.google.inject.internal.util.$ImmutableMap$Builder -> a.a.a.a.a.dh:
    java.util.List entries -> a
    com.google.inject.internal.util.$ImmutableMap$Builder put(java.lang.Object,java.lang.Object) -> a
    com.google.inject.internal.util.$ImmutableMap build() -> a
    com.google.inject.internal.util.$ImmutableMap fromEntryList(java.util.List) -> a
com.google.inject.internal.util.$ImmutableMap$EmptyImmutableMap -> a.a.a.a.a.bl:
    java.lang.Object get(java.lang.Object) -> get
    int size() -> size
    boolean isEmpty() -> isEmpty
    boolean containsKey(java.lang.Object) -> containsKey
    boolean containsValue(java.lang.Object) -> containsValue
    com.google.inject.internal.util.$ImmutableSet entrySet() -> a
    com.google.inject.internal.util.$ImmutableSet keySet() -> b
    com.google.inject.internal.util.$ImmutableCollection values() -> c
    boolean equals(java.lang.Object) -> equals
    int hashCode() -> hashCode
    java.lang.String toString() -> toString
    java.util.Set entrySet() -> entrySet
    java.util.Collection values() -> values
    java.util.Set keySet() -> keySet
com.google.inject.internal.util.$ImmutableMap$RegularImmutableMap -> a.a.a.a.a.ct:
    java.util.Map$Entry[] entries -> a
    java.lang.Object[] table -> b
    int mask -> c
    int keySetHashCode -> d
    com.google.inject.internal.util.$ImmutableSet entrySet -> e
    com.google.inject.internal.util.$ImmutableSet keySet -> f
    com.google.inject.internal.util.$ImmutableCollection values -> g
    java.lang.Object get(java.lang.Object) -> get
    int size() -> size
    boolean isEmpty() -> isEmpty
    boolean containsKey(java.lang.Object) -> containsKey
    boolean containsValue(java.lang.Object) -> containsValue
    com.google.inject.internal.util.$ImmutableSet entrySet() -> a
    com.google.inject.internal.util.$ImmutableSet keySet() -> b
    com.google.inject.internal.util.$ImmutableCollection values() -> c
    java.lang.String toString() -> toString
    java.util.Set entrySet() -> entrySet
    java.util.Collection values() -> values
    java.util.Set keySet() -> keySet
    java.util.Map$Entry[] access$500(com.google.inject.internal.util.$ImmutableMap$RegularImmutableMap) -> a
    int access$600(com.google.inject.internal.util.$ImmutableMap$RegularImmutableMap) -> b
com.google.inject.internal.util.$ImmutableMap$RegularImmutableMap$EntrySet -> a.a.a.a.a.di:
    com.google.inject.internal.util.$ImmutableMap$RegularImmutableMap map -> b
    boolean contains(java.lang.Object) -> contains
com.google.inject.internal.util.$ImmutableMap$RegularImmutableMap$KeySet -> a.a.a.a.a.j:
    com.google.inject.internal.util.$ImmutableMap$RegularImmutableMap map -> a
    java.lang.Object transform(java.util.Map$Entry) -> a
    boolean contains(java.lang.Object) -> contains
    java.lang.Object transform(java.lang.Object) -> a
com.google.inject.internal.util.$ImmutableMap$RegularImmutableMap$Values -> a.a.a.a.a.ci:
    com.google.inject.internal.util.$ImmutableMap$RegularImmutableMap map -> a
    int size() -> size
    boolean isEmpty() -> isEmpty
    com.google.inject.internal.util.$UnmodifiableIterator iterator() -> a
    boolean contains(java.lang.Object) -> contains
    java.util.Iterator iterator() -> iterator
com.google.inject.internal.util.$ImmutableMap$RegularImmutableMap$Values$1 -> a.a.a.a.a.bn:
    int index -> a
    com.google.inject.internal.util.$ImmutableMap$RegularImmutableMap$Values this$0 -> b
    java.lang.Object computeNext() -> a