proguard_logs/usage.txt
be.baes.hanselMinutesPlayer.Constants:
    public static final java.lang.String LOG_ID
    public static final java.lang.String CURRENT_PAGE
    public static final java.lang.String LIST_VIEW_POSITION
    public static final java.lang.String POSITION
    public static final java.lang.String PODCASTS_COLUMN_LINK
    public static final java.lang.String PODCASTS_COLUMN_TITLE
    public static final java.lang.String PODCASTS_COLUMN_PUBDATE
    public static final java.lang.String PODCASTS_COLUMN_MP3LINK
    public static final java.lang.String PODCASTS_COLUMN_DESCRIPTION
    public static final java.lang.String TABLE_PODCASTS
    public static final java.lang.String DATABASE_NAME
    public static final int DATABASE_VERSION
    public static final java.lang.String PREFIX
    public static final java.lang.String urlToRssFeedAll
    public static final java.lang.String urlToRssFeedLatest
    public static final int DOWNLOAD_PODCAST_OPTION
    public static final int DELETE_DOWNLOADED_PODCAST_OPTION
    public static final java.lang.String HASPODCAST
    public static final java.lang.String MAX_DURATION
    public static final java.lang.String PROGRESS
    public static final java.lang.String MESSAGE
    public static final java.lang.String TIMER
    public static final java.lang.String DESCRIPTION
be.baes.hanselMinutesPlayer.R
be.baes.hanselMinutesPlayer.R$array
be.baes.hanselMinutesPlayer.R$attr
be.baes.hanselMinutesPlayer.R$color
be.baes.hanselMinutesPlayer.R$drawable
be.baes.hanselMinutesPlayer.R$id
be.baes.hanselMinutesPlayer.R$layout
be.baes.hanselMinutesPlayer.R$string
be.baes.hanselMinutesPlayer.controllers.OnDeleteDownloadedPodCastClickListener
be.baes.hanselMinutesPlayer.controllers.OnDeleteDownloadedPodCastWithAlertDialogClickListener
be.baes.hanselMinutesPlayer.controllers.OnDownloadPodCastClickListener
be.baes.hanselMinutesPlayer.controllers.OnDownloadPodCastWithAlertDialogClickListener
be.baes.hanselMinutesPlayer.facade.Player:
    public abstract void destroy()
    public abstract void downloadMp3()
    public abstract void deleteCurrentPodCastDownLoadedMp3()
be.baes.hanselMinutesPlayer.facade.PlayerImpl:
    be.baes.hanselMinutesPlayer.facade.PodCastList podCastList
    132:140:public void destroy()
    144:147:public void downloadMp3()
    156:160:public void deleteCurrentPodCastDownLoadedMp3()
be.baes.hanselMinutesPlayer.facade.task.DownloadMp3AsyncTask:
    30:36:public DownloadMp3AsyncTask(be.baes.hanselminutesplayer.ProgressReport,be.baes.hanselMinutesPlayer.model.PodCast,be.baes.hanselMinutesPlayer.facade.PodCastList,be.baes.hanselMinutesPlayer.resources.StringResources,be.baes.hanselMinutesPlayer.facade.Settings)
be.baes.hanselMinutesPlayer.resources.StringResources:
    public abstract java.lang.String NoFileToDelete()
    public abstract java.lang.String getDeleteDownloadMessage()
    public abstract java.lang.String getDeleteDownloadTitle()
    public abstract java.lang.String getDownloadPodcastMessage()
    public abstract java.lang.String getDownloadPodCastTitle()
be.baes.hanselMinutesPlayer.resources.StringResourcesImpl:
    90:90:public java.lang.String NoFileToDelete()
    105:105:public java.lang.String getDeleteDownloadMessage()
    110:110:public java.lang.String getDeleteDownloadTitle()
    115:115:public java.lang.String getDownloadPodcastMessage()
    120:120:public java.lang.String getDownloadPodCastTitle()
...
com.google.inject.ProvisionException:
    private static final long serialVersionUID
com.google.inject.Scope:
    public abstract java.lang.String toString()
com.google.inject.Scopes:
    132:171:public static boolean isSingleton(com.google.inject.Binding)
com.google.inject.Scopes$3
com.google.inject.TypeLiteral:
    135:135:final com.google.inject.TypeLiteral providerType()
    309:325:public java.util.List getExceptionTypes(java.lang.reflect.Member)
com.google.inject.binder.AnnotatedBindingBuilder:
    public abstract com.google.inject.binder.LinkedBindingBuilder annotatedWith(java.lang.Class)
    public abstract com.google.inject.binder.LinkedBindingBuilder annotatedWith(java.lang.annotation.Annotation)
com.google.inject.binder.AnnotatedConstantBindingBuilder:
    public abstract com.google.inject.binder.ConstantBindingBuilder annotatedWith(java.lang.Class)
com.google.inject.binder.AnnotatedElementBuilder:
    public abstract void annotatedWith(java.lang.Class)
    public abstract void annotatedWith(java.lang.annotation.Annotation)
com.google.inject.binder.ConstantBindingBuilder:
    public abstract void to(int)
    public abstract void to(long)
    public abstract void to(boolean)
    public abstract void to(double)
    public abstract void to(float)
    public abstract void to(short)
    public abstract void to(char)
    public abstract void to(byte)
    public abstract void to(java.lang.Class)
    public abstract void to(java.lang.Enum)
com.google.inject.binder.LinkedBindingBuilder:
    public abstract com.google.inject.binder.ScopedBindingBuilder to(com.google.inject.TypeLiteral)
    public abstract com.google.inject.binder.ScopedBindingBuilder to(com.google.inject.Key)
    public abstract com.google.inject.binder.ScopedBindingBuilder toProvider(com.google.inject.TypeLiteral)
    public abstract com.google.inject.binder.ScopedBindingBuilder toConstructor(java.lang.reflect.Constructor)
    public abstract com.google.inject.binder.ScopedBindingBuilder toConstructor(java.lang.reflect.Constructor,com.google.inject.TypeLiteral)
com.google.inject.binder.ScopedBindingBuilder:
    public abstract void in(com.google.inject.Scope)
    public abstract void asEagerSingleton()
com.google.inject.internal.AbstractBindingBuilder:
    public static final java.lang.String IMPLEMENTATION_ALREADY_SET
    public static final java.lang.String SINGLE_INSTANCE_AND_SCOPE
    public static final java.lang.String SCOPE_ALREADY_SET
    public static final java.lang.String BINDING_TO_NULL
    public static final java.lang.String CONSTANT_VALUE_ALREADY_SET
    public static final java.lang.String ANNOTATION_ALREADY_SPECIFIED
    72:74:protected com.google.inject.internal.BindingImpl annotatedWithInternal(java.lang.Class)
    93:96:public void in(com.google.inject.Scope)
    99:101:public void asEagerSingleton()